<!DOCTYPE html PUBLIC "-//W3C//DTD XHTML 1.1//EN" "https://www.w3.org/TR/xhtml11/DTD/xhtml11.dtd">
<html xmlns="https://www.w3.org/1999/xhtml">
<head>
<meta http-equiv="content-type" content="text/html; charset=UTF-8"/>
<title>TestNG Report</title>
<style type="text/css">table {margin-bottom:10px;border-collapse:collapse;empty-cells:show}th,td {border:1px solid #009;padding:.25em .5em}th {vertical-align:bottom}td {vertical-align:top}table a {font-weight:bold}.stripe td {background-color: #E6EBF9}.num {text-align:right}.passedodd td {background-color: #3F3}.passedeven td {background-color: #0A0}.skippedodd td {background-color: #DDD}.skippedeven td {background-color: #CCC}.failedodd td,.attn {background-color: #F33}.failedeven td,.stripe .attn {background-color: #D00}.stacktrace {white-space:pre;font-family:monospace}.totop {font-size:85%;text-align:center;border-bottom:2px solid #000}.invisible {display:none}</style>
</head>
<body>
<table>
<tr><th>Test</th><th># Passed</th><th># Skipped</th><th># Retried</th><th># Failed</th><th>Time (ms)</th><th>Included Groups</th><th>Excluded Groups</th></tr>
<tr><th colspan="8">Suite</th></tr>
<tr><td><a href="#t0">Test</a></td><td class="num">7</td><td class="num">0</td><td class="num">0</td><td class="num attn">4</td><td class="num">6,701</td><td></td><td></td></tr>
</table>
<table id='summary'><thead><tr><th>Class</th><th>Method</th><th>Start</th><th>Time (ms)</th></tr></thead><tbody><tr><th colspan="4">Suite</th></tr></tbody><tbody id="t0"><tr><th colspan="4">Test &#8212; failed</th></tr><tr class="failedeven"><td rowspan="1">TestNG.HardAssert</td><td><a href="#m0">HardAssert_Test</a></td><td rowspan="1">1663859340969</td><td rowspan="1">11</td></tr><tr class="failedodd"><td rowspan="2">TestNG.SoftAssert_Testing</td><td><a href="#m1">SoftAssrt_Test</a></td><td rowspan="1">1663859340969</td><td rowspan="1">11</td></tr><tr class="failedodd"><td><a href="#m2">SoftAssrt_Test2</a></td><td rowspan="1">1663859340987</td><td rowspan="1">2</td></tr><tr class="failedeven"><td rowspan="1">TestNG.Validations_Using_Assertions</td><td><a href="#m3">boolenValidation</a></td><td rowspan="1">1663859344713</td><td rowspan="1">2129</td></tr><tr><th colspan="4">Test &#8212; passed</th></tr><tr class="passedeven"><td rowspan="3">TestNG.TestNg_Annotation_Order</td><td><a href="#m4">A_lrtTest</a></td><td rowspan="1">1663859340983</td><td rowspan="1">2</td></tr><tr class="passedeven"><td><a href="#m5">B_UrlTest</a></td><td rowspan="1">1663859340970</td><td rowspan="1">7</td></tr><tr class="passedeven"><td><a href="#m6">Test_Check</a></td><td rowspan="1">1663859340987</td><td rowspan="1">2</td></tr><tr class="passedodd"><td rowspan="3">TestNG.TestNg_Annotation_Uses</td><td><a href="#m7">A_lrtTest</a></td><td rowspan="1">1663859344274</td><td rowspan="1">3243</td></tr><tr class="passedodd"><td><a href="#m8">B_UrlTest</a></td><td rowspan="1">1663859342870</td><td rowspan="1">1402</td></tr><tr class="passedodd"><td><a href="#m9">Test_Check</a></td><td rowspan="1">1663859347519</td><td rowspan="1">3</td></tr><tr class="passedeven"><td rowspan="1">TestNG.Validations_Using_Assertions</td><td><a href="#m10">TittleValidation</a></td><td rowspan="1">1663859344696</td><td rowspan="1">15</td></tr></tbody>
</table>
<h2>Test</h2><h3 id="m0">TestNG.HardAssert#HardAssert_Test</h3><table class="result"><tr><th>Exception</th></tr><tr><td><div class="stacktrace">java.lang.AssertionError: expected [11] but found [10]
	at TestNG.HardAssert.HardAssert_Test(HardAssert.java:16)
	at java.base/java.util.concurrent.ThreadPoolExecutor.runWorker(ThreadPoolExecutor.java:1136)
	at java.base/java.util.concurrent.ThreadPoolExecutor$Worker.run(ThreadPoolExecutor.java:635)
	at java.base/java.lang.Thread.run(Thread.java:833)
... Removed 18 stack frames</div></td></tr></table><p class="totop"><a href="#summary">back to summary</a></p>
<h3 id="m1">TestNG.SoftAssert_Testing#SoftAssrt_Test</h3><table class="result"><tr><th>Exception</th></tr><tr><td><div class="stacktrace">java.lang.AssertionError: The following asserts failed:
	expected [11] but found [10]
	at TestNG.SoftAssert_Testing.SoftAssrt_Test(SoftAssert_Testing.java:25)
	at java.base/java.util.concurrent.ThreadPoolExecutor.runWorker(ThreadPoolExecutor.java:1136)
	at java.base/java.util.concurrent.ThreadPoolExecutor$Worker.run(ThreadPoolExecutor.java:635)
	at java.base/java.lang.Thread.run(Thread.java:833)
... Removed 14 stack frames</div></td></tr></table><p class="totop"><a href="#summary">back to summary</a></p>
<h3 id="m2">TestNG.SoftAssert_Testing#SoftAssrt_Test2</h3><table class="result"><tr><th>Exception</th></tr><tr><td><div class="stacktrace">java.lang.AssertionError: The following asserts failed:
	expected [11] but found [10],
	expected [11] but found [100]
	at TestNG.SoftAssert_Testing.SoftAssrt_Test2(SoftAssert_Testing.java:41)
	at java.base/java.util.concurrent.ThreadPoolExecutor.runWorker(ThreadPoolExecutor.java:1136)
	at java.base/java.util.concurrent.ThreadPoolExecutor$Worker.run(ThreadPoolExecutor.java:635)
	at java.base/java.lang.Thread.run(Thread.java:833)
... Removed 14 stack frames</div></td></tr></table><p class="totop"><a href="#summary">back to summary</a></p>
<h3 id="m3">TestNG.Validations_Using_Assertions#boolenValidation</h3><table class="result"><tr><th>Exception</th></tr><tr><td><div class="stacktrace">java.lang.AssertionError: The following asserts failed:
	expected [true] but found [false]
	at TestNG.Validations_Using_Assertions.boolenValidation(Validations_Using_Assertions.java:78)
	at java.base/java.util.concurrent.ThreadPoolExecutor.runWorker(ThreadPoolExecutor.java:1136)
	at java.base/java.util.concurrent.ThreadPoolExecutor$Worker.run(ThreadPoolExecutor.java:635)
	at java.base/java.lang.Thread.run(Thread.java:833)
... Removed 14 stack frames</div></td></tr></table><p class="totop"><a href="#summary">back to summary</a></p>
<h3 id="m4">TestNG.TestNg_Annotation_Order#A_lrtTest</h3><table class="result"><tr><th class="invisible"/></tr></table><p class="totop"><a href="#summary">back to summary</a></p>
<h3 id="m5">TestNG.TestNg_Annotation_Order#B_UrlTest</h3><table class="result"><tr><th class="invisible"/></tr></table><p class="totop"><a href="#summary">back to summary</a></p>
<h3 id="m6">TestNG.TestNg_Annotation_Order#Test_Check</h3><table class="result"><tr><th class="invisible"/></tr></table><p class="totop"><a href="#summary">back to summary</a></p>
<h3 id="m7">TestNG.TestNg_Annotation_Uses#A_lrtTest</h3><table class="result"><tr><th class="invisible"/></tr></table><p class="totop"><a href="#summary">back to summary</a></p>
<h3 id="m8">TestNG.TestNg_Annotation_Uses#B_UrlTest</h3><table class="result"><tr><th class="invisible"/></tr></table><p class="totop"><a href="#summary">back to summary</a></p>
<h3 id="m9">TestNG.TestNg_Annotation_Uses#Test_Check</h3><table class="result"><tr><th class="invisible"/></tr></table><p class="totop"><a href="#summary">back to summary</a></p>
<h3 id="m10">TestNG.Validations_Using_Assertions#TittleValidation</h3><table class="result"><tr><th class="invisible"/></tr></table><p class="totop"><a href="#summary">back to summary</a></p>
</body>
</html>
